This file contains any messages produced by compilers while
running configure, to aid debugging if configure makes a mistake.

It was created by configure, which was
generated by GNU Autoconf 2.59.  Invocation command line was

  $ ./configure 

## --------- ##
## Platform. ##
## --------- ##

hostname = techgaun
uname -m = x86_64
uname -r = 4.4.0-78-generic
uname -s = Linux
uname -v = #99-Ubuntu SMP Thu Apr 27 15:29:09 UTC 2017

/usr/bin/uname -p = unknown
/bin/uname -X     = unknown

/bin/arch              = unknown
/usr/bin/arch -k       = unknown
/usr/convex/getsysinfo = unknown
hostinfo               = unknown
/bin/machine           = unknown
/usr/bin/oslevel       = unknown
/bin/universe          = unknown

PATH: /home/techgaun/.pyenv/plugins/pyenv-virtualenv/shims
PATH: /home/techgaun/.pyenv/shims
PATH: ~/.pyenv/bin
PATH: /home/techgaun/projects/go/bin
PATH: /home/techgaun/.bin
PATH: /home/techgaun/.asdf/installs/elixir/1.4.0/.mix/escripts
PATH: /home/techgaun/Android/Sdk/tools
PATH: /home/techgaun/Android/Sdk/platform-tools
PATH: /home/techgaun/.cargo/bin
PATH: /home/techgaun/.sdkman/candidates/groovy/current/bin
PATH: /home/techgaun/.rbenv/shims
PATH: /home/techgaun/.rbenv/bin
PATH: /home/techgaun/tools/git-cheat
PATH: /usr/local/heroku/bin
PATH: /home/techgaun/.asdf/bin
PATH: /home/techgaun/.asdf/shims
PATH: /home/techgaun/.cargo/bin
PATH: /tools
PATH: /platform-tools
PATH: /home/techgaun/.local/share/umake/bin
PATH: /home/techgaun/bin
PATH: /home/techgaun/.local/bin
PATH: /usr/local/gradle/bin
PATH: /usr/local/sbin
PATH: /usr/local/bin
PATH: /usr/sbin
PATH: /usr/bin
PATH: /sbin
PATH: /bin
PATH: /usr/games
PATH: /usr/local/games
PATH: /snap/bin
PATH: /usr/lib/jvm/java-8-oracle/bin
PATH: /usr/lib/jvm/java-8-oracle/db/bin
PATH: /usr/lib/jvm/java-8-oracle/jre/bin
PATH: /home/techgaun/.asdf/installs/elixir/1.4.0/.mix/escripts
PATH: /home/techgaun/tools/buck/bin
PATH: /home/techgaun/.fzf/bin


## ----------- ##
## Core tests. ##
## ----------- ##

configure:1341: checking for a BSD-compatible install
configure:1396: result: /usr/bin/install -c
configure:1407: checking whether build environment is sane
configure:1450: result: yes
configure:1507: checking for gawk
configure:1523: found /usr/bin/gawk
configure:1533: result: gawk
configure:1543: checking whether make sets $(MAKE)
configure:1563: result: yes
configure:1776: checking for gcc
configure:1792: found /usr/bin/gcc
configure:1802: result: gcc
configure:2046: checking for C compiler version
configure:2049: gcc --version </dev/null >&5
gcc (Ubuntu 5.4.0-6ubuntu1~16.04.4) 5.4.0 20160609
Copyright (C) 2015 Free Software Foundation, Inc.
This is free software; see the source for copying conditions.  There is NO
warranty; not even for MERCHANTABILITY or FITNESS FOR A PARTICULAR PURPOSE.

configure:2052: $? = 0
configure:2054: gcc -v </dev/null >&5
Using built-in specs.
COLLECT_GCC=gcc
COLLECT_LTO_WRAPPER=/usr/lib/gcc/x86_64-linux-gnu/5/lto-wrapper
Target: x86_64-linux-gnu
Configured with: ../src/configure -v --with-pkgversion='Ubuntu 5.4.0-6ubuntu1~16.04.4' --with-bugurl=file:///usr/share/doc/gcc-5/README.Bugs --enable-languages=c,ada,c++,java,go,d,fortran,objc,obj-c++ --prefix=/usr --program-suffix=-5 --enable-shared --enable-linker-build-id --libexecdir=/usr/lib --without-included-gettext --enable-threads=posix --libdir=/usr/lib --enable-nls --with-sysroot=/ --enable-clocale=gnu --enable-libstdcxx-debug --enable-libstdcxx-time=yes --with-default-libstdcxx-abi=new --enable-gnu-unique-object --disable-vtable-verify --enable-libmpx --enable-plugin --with-system-zlib --disable-browser-plugin --enable-java-awt=gtk --enable-gtk-cairo --with-java-home=/usr/lib/jvm/java-1.5.0-gcj-5-amd64/jre --enable-java-home --with-jvm-root-dir=/usr/lib/jvm/java-1.5.0-gcj-5-amd64 --with-jvm-jar-dir=/usr/lib/jvm-exports/java-1.5.0-gcj-5-amd64 --with-arch-directory=amd64 --with-ecj-jar=/usr/share/java/eclipse-ecj.jar --enable-objc-gc --enable-multiarch --disable-werror --with-arch-32=i686 --with-abi=m64 --with-multilib-list=m32,m64,mx32 --enable-multilib --with-tune=generic --enable-checking=release --build=x86_64-linux-gnu --host=x86_64-linux-gnu --target=x86_64-linux-gnu
Thread model: posix
gcc version 5.4.0 20160609 (Ubuntu 5.4.0-6ubuntu1~16.04.4) 
configure:2057: $? = 0
configure:2059: gcc -V </dev/null >&5
gcc: error: unrecognized command line option '-V'
gcc: fatal error: no input files
compilation terminated.
configure:2062: $? = 1
configure:2085: checking for C compiler default output file name
configure:2088: gcc    conftest.c  >&5
configure:2091: $? = 0
configure:2137: result: a.out
configure:2142: checking whether the C compiler works
configure:2148: ./a.out
configure:2151: $? = 0
configure:2168: result: yes
configure:2175: checking whether we are cross compiling
configure:2177: result: no
configure:2180: checking for suffix of executables
configure:2182: gcc -o conftest    conftest.c  >&5
configure:2185: $? = 0
configure:2210: result: 
configure:2216: checking for suffix of object files
configure:2237: gcc -c   conftest.c >&5
configure:2240: $? = 0
configure:2262: result: o
configure:2266: checking whether we are using the GNU C compiler
configure:2290: gcc -c   conftest.c >&5
configure:2296: $? = 0
configure:2300: test -z 
			 || test ! -s conftest.err
configure:2303: $? = 0
configure:2306: test -s conftest.o
configure:2309: $? = 0
configure:2322: result: yes
configure:2328: checking whether gcc accepts -g
configure:2349: gcc -c -g  conftest.c >&5
configure:2355: $? = 0
configure:2359: test -z 
			 || test ! -s conftest.err
configure:2362: $? = 0
configure:2365: test -s conftest.o
configure:2368: $? = 0
configure:2379: result: yes
configure:2396: checking for gcc option to accept ANSI C
configure:2466: gcc  -c -g -O2  conftest.c >&5
configure:2472: $? = 0
configure:2476: test -z 
			 || test ! -s conftest.err
configure:2479: $? = 0
configure:2482: test -s conftest.o
configure:2485: $? = 0
configure:2503: result: none needed
configure:2521: gcc -c -g -O2  conftest.c >&5
conftest.c:2:3: error: unknown type name 'choke'
   choke me
   ^
conftest.c:2:3: error: expected '=', ',', ';', 'asm' or '__attribute__' at end of input
configure:2527: $? = 1
configure: failed program was:
| #ifndef __cplusplus
|   choke me
| #endif
configure:2671: checking for style of include used by make
configure:2699: result: GNU
configure:2727: checking dependency style of gcc
configure:2812: result: gcc3
configure:2842: checking for a BSD-compatible install
configure:2897: result: /usr/bin/install -c
configure:2915: checking how to run the C preprocessor
configure:2950: gcc -E  conftest.c
configure:2956: $? = 0
configure:2988: gcc -E  conftest.c
conftest.c:11:28: fatal error: ac_nonexistent.h: No such file or directory
compilation terminated.
configure:2994: $? = 1
configure: failed program was:
| /* confdefs.h.  */
| 
| #define PACKAGE_NAME ""
| #define PACKAGE_TARNAME ""
| #define PACKAGE_VERSION ""
| #define PACKAGE_STRING ""
| #define PACKAGE_BUGREPORT ""
| #define PACKAGE "interceptty"
| #define VERSION "0.6"
| /* end confdefs.h.  */
| #include <ac_nonexistent.h>
configure:3033: result: gcc -E
configure:3057: gcc -E  conftest.c
configure:3063: $? = 0
configure:3095: gcc -E  conftest.c
conftest.c:11:28: fatal error: ac_nonexistent.h: No such file or directory
compilation terminated.
configure:3101: $? = 1
configure: failed program was:
| /* confdefs.h.  */
| 
| #define PACKAGE_NAME ""
| #define PACKAGE_TARNAME ""
| #define PACKAGE_VERSION ""
| #define PACKAGE_STRING ""
| #define PACKAGE_BUGREPORT ""
| #define PACKAGE "interceptty"
| #define VERSION "0.6"
| /* end confdefs.h.  */
| #include <ac_nonexistent.h>
configure:3145: checking for egrep
configure:3155: result: grep -E
configure:3160: checking for ANSI C header files
configure:3185: gcc -c -g -O2  conftest.c >&5
configure:3191: $? = 0
configure:3195: test -z 
			 || test ! -s conftest.err
configure:3198: $? = 0
configure:3201: test -s conftest.o
configure:3204: $? = 0
configure:3293: gcc -o conftest -g -O2   conftest.c  >&5
conftest.c: In function 'main':
conftest.c:28:7: warning: implicit declaration of function 'exit' [-Wimplicit-function-declaration]
       exit(2);
       ^
conftest.c:28:7: warning: incompatible implicit declaration of built-in function 'exit'
conftest.c:28:7: note: include '<stdlib.h>' or provide a declaration of 'exit'
conftest.c:29:3: warning: incompatible implicit declaration of built-in function 'exit'
   exit (0);
   ^
conftest.c:29:3: note: include '<stdlib.h>' or provide a declaration of 'exit'
configure:3296: $? = 0
configure:3298: ./conftest
configure:3301: $? = 0
configure:3316: result: yes
configure:3326: checking for sys/wait.h that is POSIX.1 compatible
configure:3357: gcc -c -g -O2  conftest.c >&5
configure:3363: $? = 0
configure:3367: test -z 
			 || test ! -s conftest.err
configure:3370: $? = 0
configure:3373: test -s conftest.o
configure:3376: $? = 0
configure:3387: result: yes
configure:3411: checking for sys/types.h
configure:3427: gcc -c -g -O2  conftest.c >&5
configure:3433: $? = 0
configure:3437: test -z 
			 || test ! -s conftest.err
configure:3440: $? = 0
configure:3443: test -s conftest.o
configure:3446: $? = 0
configure:3457: result: yes
configure:3411: checking for sys/stat.h
configure:3427: gcc -c -g -O2  conftest.c >&5
configure:3433: $? = 0
configure:3437: test -z 
			 || test ! -s conftest.err
configure:3440: $? = 0
configure:3443: test -s conftest.o
configure:3446: $? = 0
configure:3457: result: yes
configure:3411: checking for stdlib.h
configure:3427: gcc -c -g -O2  conftest.c >&5
configure:3433: $? = 0
configure:3437: test -z 
			 || test ! -s conftest.err
configure:3440: $? = 0
configure:3443: test -s conftest.o
configure:3446: $? = 0
configure:3457: result: yes
configure:3411: checking for string.h
configure:3427: gcc -c -g -O2  conftest.c >&5
configure:3433: $? = 0
configure:3437: test -z 
			 || test ! -s conftest.err
configure:3440: $? = 0
configure:3443: test -s conftest.o
configure:3446: $? = 0
configure:3457: result: yes
configure:3411: checking for memory.h
configure:3427: gcc -c -g -O2  conftest.c >&5
configure:3433: $? = 0
configure:3437: test -z 
			 || test ! -s conftest.err
configure:3440: $? = 0
configure:3443: test -s conftest.o
configure:3446: $? = 0
configure:3457: result: yes
configure:3411: checking for strings.h
configure:3427: gcc -c -g -O2  conftest.c >&5
configure:3433: $? = 0
configure:3437: test -z 
			 || test ! -s conftest.err
configure:3440: $? = 0
configure:3443: test -s conftest.o
configure:3446: $? = 0
configure:3457: result: yes
configure:3411: checking for inttypes.h
configure:3427: gcc -c -g -O2  conftest.c >&5
configure:3433: $? = 0
configure:3437: test -z 
			 || test ! -s conftest.err
configure:3440: $? = 0
configure:3443: test -s conftest.o
configure:3446: $? = 0
configure:3457: result: yes
configure:3411: checking for stdint.h
configure:3427: gcc -c -g -O2  conftest.c >&5
configure:3433: $? = 0
configure:3437: test -z 
			 || test ! -s conftest.err
configure:3440: $? = 0
configure:3443: test -s conftest.o
configure:3446: $? = 0
configure:3457: result: yes
configure:3411: checking for unistd.h
configure:3427: gcc -c -g -O2  conftest.c >&5
configure:3433: $? = 0
configure:3437: test -z 
			 || test ! -s conftest.err
configure:3440: $? = 0
configure:3443: test -s conftest.o
configure:3446: $? = 0
configure:3457: result: yes
configure:3488: checking fcntl.h usability
configure:3500: gcc -c -g -O2  conftest.c >&5
configure:3506: $? = 0
configure:3510: test -z 
			 || test ! -s conftest.err
configure:3513: $? = 0
configure:3516: test -s conftest.o
configure:3519: $? = 0
configure:3529: result: yes
configure:3533: checking fcntl.h presence
configure:3543: gcc -E  conftest.c
configure:3549: $? = 0
configure:3569: result: yes
configure:3604: checking for fcntl.h
configure:3611: result: yes
configure:3488: checking sys/ioctl.h usability
configure:3500: gcc -c -g -O2  conftest.c >&5
configure:3506: $? = 0
configure:3510: test -z 
			 || test ! -s conftest.err
configure:3513: $? = 0
configure:3516: test -s conftest.o
configure:3519: $? = 0
configure:3529: result: yes
configure:3533: checking sys/ioctl.h presence
configure:3543: gcc -E  conftest.c
configure:3549: $? = 0
configure:3569: result: yes
configure:3604: checking for sys/ioctl.h
configure:3611: result: yes
configure:3479: checking for unistd.h
configure:3484: result: yes
configure:3488: checking util.h usability
configure:3500: gcc -c -g -O2  conftest.c >&5
conftest.c:59:18: fatal error: util.h: No such file or directory
compilation terminated.
configure:3506: $? = 1
configure: failed program was:
| /* confdefs.h.  */
| 
| #define PACKAGE_NAME ""
| #define PACKAGE_TARNAME ""
| #define PACKAGE_VERSION ""
| #define PACKAGE_STRING ""
| #define PACKAGE_BUGREPORT ""
| #define PACKAGE "interceptty"
| #define VERSION "0.6"
| #define STDC_HEADERS 1
| #define HAVE_SYS_WAIT_H 1
| #define HAVE_SYS_TYPES_H 1
| #define HAVE_SYS_STAT_H 1
| #define HAVE_STDLIB_H 1
| #define HAVE_STRING_H 1
| #define HAVE_MEMORY_H 1
| #define HAVE_STRINGS_H 1
| #define HAVE_INTTYPES_H 1
| #define HAVE_STDINT_H 1
| #define HAVE_UNISTD_H 1
| #define HAVE_FCNTL_H 1
| #define HAVE_SYS_IOCTL_H 1
| #define HAVE_UNISTD_H 1
| /* end confdefs.h.  */
| #include <stdio.h>
| #if HAVE_SYS_TYPES_H
| # include <sys/types.h>
| #endif
| #if HAVE_SYS_STAT_H
| # include <sys/stat.h>
| #endif
| #if STDC_HEADERS
| # include <stdlib.h>
| # include <stddef.h>
| #else
| # if HAVE_STDLIB_H
| #  include <stdlib.h>
| # endif
| #endif
| #if HAVE_STRING_H
| # if !STDC_HEADERS && HAVE_MEMORY_H
| #  include <memory.h>
| # endif
| # include <string.h>
| #endif
| #if HAVE_STRINGS_H
| # include <strings.h>
| #endif
| #if HAVE_INTTYPES_H
| # include <inttypes.h>
| #else
| # if HAVE_STDINT_H
| #  include <stdint.h>
| # endif
| #endif
| #if HAVE_UNISTD_H
| # include <unistd.h>
| #endif
| #include <util.h>
configure:3529: result: no
configure:3533: checking util.h presence
configure:3543: gcc -E  conftest.c
conftest.c:25:18: fatal error: util.h: No such file or directory
compilation terminated.
configure:3549: $? = 1
configure: failed program was:
| /* confdefs.h.  */
| 
| #define PACKAGE_NAME ""
| #define PACKAGE_TARNAME ""
| #define PACKAGE_VERSION ""
| #define PACKAGE_STRING ""
| #define PACKAGE_BUGREPORT ""
| #define PACKAGE "interceptty"
| #define VERSION "0.6"
| #define STDC_HEADERS 1
| #define HAVE_SYS_WAIT_H 1
| #define HAVE_SYS_TYPES_H 1
| #define HAVE_SYS_STAT_H 1
| #define HAVE_STDLIB_H 1
| #define HAVE_STRING_H 1
| #define HAVE_MEMORY_H 1
| #define HAVE_STRINGS_H 1
| #define HAVE_INTTYPES_H 1
| #define HAVE_STDINT_H 1
| #define HAVE_UNISTD_H 1
| #define HAVE_FCNTL_H 1
| #define HAVE_SYS_IOCTL_H 1
| #define HAVE_UNISTD_H 1
| /* end confdefs.h.  */
| #include <util.h>
configure:3569: result: no
configure:3604: checking for util.h
configure:3611: result: no
configure:3488: checking sys/stropts.h usability
configure:3500: gcc -c -g -O2  conftest.c >&5
configure:3506: $? = 0
configure:3510: test -z 
			 || test ! -s conftest.err
configure:3513: $? = 0
configure:3516: test -s conftest.o
configure:3519: $? = 0
configure:3529: result: yes
configure:3533: checking sys/stropts.h presence
configure:3543: gcc -E  conftest.c
configure:3549: $? = 0
configure:3569: result: yes
configure:3604: checking for sys/stropts.h
configure:3611: result: yes
configure:3488: checking pty.h usability
configure:3500: gcc -c -g -O2  conftest.c >&5
configure:3506: $? = 0
configure:3510: test -z 
			 || test ! -s conftest.err
configure:3513: $? = 0
configure:3516: test -s conftest.o
configure:3519: $? = 0
configure:3529: result: yes
configure:3533: checking pty.h presence
configure:3543: gcc -E  conftest.c
configure:3549: $? = 0
configure:3569: result: yes
configure:3604: checking for pty.h
configure:3611: result: yes
configure:3631: checking for logout
configure:3688: gcc -o conftest -g -O2   conftest.c  >&5
/tmp/ccNqmISN.o:(.data+0x0): undefined reference to `logout'
/tmp/ccNqmISN.o: In function `main':
/home/techgaun/projects/personal/dumpster/zwave/openZSniffer/conftest.c:66: undefined reference to `logout'
collect2: error: ld returned 1 exit status
configure:3694: $? = 1
configure: failed program was:
| /* confdefs.h.  */
| 
| #define PACKAGE_NAME ""
| #define PACKAGE_TARNAME ""
| #define PACKAGE_VERSION ""
| #define PACKAGE_STRING ""
| #define PACKAGE_BUGREPORT ""
| #define PACKAGE "interceptty"
| #define VERSION "0.6"
| #define STDC_HEADERS 1
| #define HAVE_SYS_WAIT_H 1
| #define HAVE_SYS_TYPES_H 1
| #define HAVE_SYS_STAT_H 1
| #define HAVE_STDLIB_H 1
| #define HAVE_STRING_H 1
| #define HAVE_MEMORY_H 1
| #define HAVE_STRINGS_H 1
| #define HAVE_INTTYPES_H 1
| #define HAVE_STDINT_H 1
| #define HAVE_UNISTD_H 1
| #define HAVE_FCNTL_H 1
| #define HAVE_SYS_IOCTL_H 1
| #define HAVE_UNISTD_H 1
| #define HAVE_SYS_STROPTS_H 1
| #define HAVE_PTY_H 1
| /* end confdefs.h.  */
| /* Define logout to an innocuous variant, in case <limits.h> declares logout.
|    For example, HP-UX 11i <limits.h> declares gettimeofday.  */
| #define logout innocuous_logout
| 
| /* System header to define __stub macros and hopefully few prototypes,
|     which can conflict with char logout (); below.
|     Prefer <limits.h> to <assert.h> if __STDC__ is defined, since
|     <limits.h> exists even on freestanding compilers.  */
| 
| #ifdef __STDC__
| # include <limits.h>
| #else
| # include <assert.h>
| #endif
| 
| #undef logout
| 
| /* Override any gcc2 internal prototype to avoid an error.  */
| #ifdef __cplusplus
| extern "C"
| {
| #endif
| /* We use char because int might match the return type of a gcc2
|    builtin and then its argument prototype would still apply.  */
| char logout ();
| /* The GNU C library defines this for functions which it implements
|     to always fail with ENOSYS.  Some functions are actually named
|     something starting with __ and the normal name is an alias.  */
| #if defined (__stub_logout) || defined (__stub___logout)
| choke me
| #else
| char (*f) () = logout;
| #endif
| #ifdef __cplusplus
| }
| #endif
| 
| int
| main ()
| {
| return f != logout;
|   ;
|   return 0;
| }
configure:3719: result: no
configure:3631: checking for updwtmp
configure:3688: gcc -o conftest -g -O2   conftest.c  >&5
configure:3694: $? = 0
configure:3698: test -z 
			 || test ! -s conftest.err
configure:3701: $? = 0
configure:3704: test -s conftest
configure:3707: $? = 0
configure:3719: result: yes
configure:3631: checking for logwtmp
configure:3688: gcc -o conftest -g -O2   conftest.c  >&5
/tmp/ccMXROsX.o:(.data+0x0): undefined reference to `logwtmp'
/tmp/ccMXROsX.o: In function `main':
/home/techgaun/projects/personal/dumpster/zwave/openZSniffer/conftest.c:67: undefined reference to `logwtmp'
collect2: error: ld returned 1 exit status
configure:3694: $? = 1
configure: failed program was:
| /* confdefs.h.  */
| 
| #define PACKAGE_NAME ""
| #define PACKAGE_TARNAME ""
| #define PACKAGE_VERSION ""
| #define PACKAGE_STRING ""
| #define PACKAGE_BUGREPORT ""
| #define PACKAGE "interceptty"
| #define VERSION "0.6"
| #define STDC_HEADERS 1
| #define HAVE_SYS_WAIT_H 1
| #define HAVE_SYS_TYPES_H 1
| #define HAVE_SYS_STAT_H 1
| #define HAVE_STDLIB_H 1
| #define HAVE_STRING_H 1
| #define HAVE_MEMORY_H 1
| #define HAVE_STRINGS_H 1
| #define HAVE_INTTYPES_H 1
| #define HAVE_STDINT_H 1
| #define HAVE_UNISTD_H 1
| #define HAVE_FCNTL_H 1
| #define HAVE_SYS_IOCTL_H 1
| #define HAVE_UNISTD_H 1
| #define HAVE_SYS_STROPTS_H 1
| #define HAVE_PTY_H 1
| #define HAVE_UPDWTMP 1
| /* end confdefs.h.  */
| /* Define logwtmp to an innocuous variant, in case <limits.h> declares logwtmp.
|    For example, HP-UX 11i <limits.h> declares gettimeofday.  */
| #define logwtmp innocuous_logwtmp
| 
| /* System header to define __stub macros and hopefully few prototypes,
|     which can conflict with char logwtmp (); below.
|     Prefer <limits.h> to <assert.h> if __STDC__ is defined, since
|     <limits.h> exists even on freestanding compilers.  */
| 
| #ifdef __STDC__
| # include <limits.h>
| #else
| # include <assert.h>
| #endif
| 
| #undef logwtmp
| 
| /* Override any gcc2 internal prototype to avoid an error.  */
| #ifdef __cplusplus
| extern "C"
| {
| #endif
| /* We use char because int might match the return type of a gcc2
|    builtin and then its argument prototype would still apply.  */
| char logwtmp ();
| /* The GNU C library defines this for functions which it implements
|     to always fail with ENOSYS.  Some functions are actually named
|     something starting with __ and the normal name is an alias.  */
| #if defined (__stub_logwtmp) || defined (__stub___logwtmp)
| choke me
| #else
| char (*f) () = logwtmp;
| #endif
| #ifdef __cplusplus
| }
| #endif
| 
| int
| main ()
| {
| return f != logwtmp;
|   ;
|   return 0;
| }
configure:3719: result: no
configure:3746: checking for util.h
configure:3751: result: no
configure:3905: checking libutil.h usability
configure:3917: gcc -c -g -O2  conftest.c >&5
conftest.c:62:21: fatal error: libutil.h: No such file or directory
compilation terminated.
configure:3923: $? = 1
configure: failed program was:
| /* confdefs.h.  */
| 
| #define PACKAGE_NAME ""
| #define PACKAGE_TARNAME ""
| #define PACKAGE_VERSION ""
| #define PACKAGE_STRING ""
| #define PACKAGE_BUGREPORT ""
| #define PACKAGE "interceptty"
| #define VERSION "0.6"
| #define STDC_HEADERS 1
| #define HAVE_SYS_WAIT_H 1
| #define HAVE_SYS_TYPES_H 1
| #define HAVE_SYS_STAT_H 1
| #define HAVE_STDLIB_H 1
| #define HAVE_STRING_H 1
| #define HAVE_MEMORY_H 1
| #define HAVE_STRINGS_H 1
| #define HAVE_INTTYPES_H 1
| #define HAVE_STDINT_H 1
| #define HAVE_UNISTD_H 1
| #define HAVE_FCNTL_H 1
| #define HAVE_SYS_IOCTL_H 1
| #define HAVE_UNISTD_H 1
| #define HAVE_SYS_STROPTS_H 1
| #define HAVE_PTY_H 1
| #define HAVE_UPDWTMP 1
| /* end confdefs.h.  */
| #include <stdio.h>
| #if HAVE_SYS_TYPES_H
| # include <sys/types.h>
| #endif
| #if HAVE_SYS_STAT_H
| # include <sys/stat.h>
| #endif
| #if STDC_HEADERS
| # include <stdlib.h>
| # include <stddef.h>
| #else
| # if HAVE_STDLIB_H
| #  include <stdlib.h>
| # endif
| #endif
| #if HAVE_STRING_H
| # if !STDC_HEADERS && HAVE_MEMORY_H
| #  include <memory.h>
| # endif
| # include <string.h>
| #endif
| #if HAVE_STRINGS_H
| # include <strings.h>
| #endif
| #if HAVE_INTTYPES_H
| # include <inttypes.h>
| #else
| # if HAVE_STDINT_H
| #  include <stdint.h>
| # endif
| #endif
| #if HAVE_UNISTD_H
| # include <unistd.h>
| #endif
| #include <libutil.h>
configure:3946: result: no
configure:3950: checking libutil.h presence
configure:3960: gcc -E  conftest.c
conftest.c:28:21: fatal error: libutil.h: No such file or directory
compilation terminated.
configure:3966: $? = 1
configure: failed program was:
| /* confdefs.h.  */
| 
| #define PACKAGE_NAME ""
| #define PACKAGE_TARNAME ""
| #define PACKAGE_VERSION ""
| #define PACKAGE_STRING ""
| #define PACKAGE_BUGREPORT ""
| #define PACKAGE "interceptty"
| #define VERSION "0.6"
| #define STDC_HEADERS 1
| #define HAVE_SYS_WAIT_H 1
| #define HAVE_SYS_TYPES_H 1
| #define HAVE_SYS_STAT_H 1
| #define HAVE_STDLIB_H 1
| #define HAVE_STRING_H 1
| #define HAVE_MEMORY_H 1
| #define HAVE_STRINGS_H 1
| #define HAVE_INTTYPES_H 1
| #define HAVE_STDINT_H 1
| #define HAVE_UNISTD_H 1
| #define HAVE_FCNTL_H 1
| #define HAVE_SYS_IOCTL_H 1
| #define HAVE_UNISTD_H 1
| #define HAVE_SYS_STROPTS_H 1
| #define HAVE_PTY_H 1
| #define HAVE_UPDWTMP 1
| /* end confdefs.h.  */
| #include <libutil.h>
configure:3986: result: no
configure:4021: checking for libutil.h
configure:4028: result: no
configure:4046: checking for openpty
configure:4103: gcc -o conftest -g -O2   conftest.c  >&5
/tmp/ccA8ab9k.o:(.data+0x0): undefined reference to `openpty'
/tmp/ccA8ab9k.o: In function `main':
/home/techgaun/projects/personal/dumpster/zwave/openZSniffer/conftest.c:67: undefined reference to `openpty'
collect2: error: ld returned 1 exit status
configure:4109: $? = 1
configure: failed program was:
| /* confdefs.h.  */
| 
| #define PACKAGE_NAME ""
| #define PACKAGE_TARNAME ""
| #define PACKAGE_VERSION ""
| #define PACKAGE_STRING ""
| #define PACKAGE_BUGREPORT ""
| #define PACKAGE "interceptty"
| #define VERSION "0.6"
| #define STDC_HEADERS 1
| #define HAVE_SYS_WAIT_H 1
| #define HAVE_SYS_TYPES_H 1
| #define HAVE_SYS_STAT_H 1
| #define HAVE_STDLIB_H 1
| #define HAVE_STRING_H 1
| #define HAVE_MEMORY_H 1
| #define HAVE_STRINGS_H 1
| #define HAVE_INTTYPES_H 1
| #define HAVE_STDINT_H 1
| #define HAVE_UNISTD_H 1
| #define HAVE_FCNTL_H 1
| #define HAVE_SYS_IOCTL_H 1
| #define HAVE_UNISTD_H 1
| #define HAVE_SYS_STROPTS_H 1
| #define HAVE_PTY_H 1
| #define HAVE_UPDWTMP 1
| /* end confdefs.h.  */
| /* Define openpty to an innocuous variant, in case <limits.h> declares openpty.
|    For example, HP-UX 11i <limits.h> declares gettimeofday.  */
| #define openpty innocuous_openpty
| 
| /* System header to define __stub macros and hopefully few prototypes,
|     which can conflict with char openpty (); below.
|     Prefer <limits.h> to <assert.h> if __STDC__ is defined, since
|     <limits.h> exists even on freestanding compilers.  */
| 
| #ifdef __STDC__
| # include <limits.h>
| #else
| # include <assert.h>
| #endif
| 
| #undef openpty
| 
| /* Override any gcc2 internal prototype to avoid an error.  */
| #ifdef __cplusplus
| extern "C"
| {
| #endif
| /* We use char because int might match the return type of a gcc2
|    builtin and then its argument prototype would still apply.  */
| char openpty ();
| /* The GNU C library defines this for functions which it implements
|     to always fail with ENOSYS.  Some functions are actually named
|     something starting with __ and the normal name is an alias.  */
| #if defined (__stub_openpty) || defined (__stub___openpty)
| choke me
| #else
| char (*f) () = openpty;
| #endif
| #ifdef __cplusplus
| }
| #endif
| 
| int
| main ()
| {
| return f != openpty;
|   ;
|   return 0;
| }
configure:4134: result: no
configure:4144: checking for library containing openpty
configure:4174: gcc -o conftest -g -O2   conftest.c  >&5
/tmp/cc2AT4gu.o: In function `main':
/home/techgaun/projects/personal/dumpster/zwave/openZSniffer/conftest.c:39: undefined reference to `openpty'
collect2: error: ld returned 1 exit status
configure:4180: $? = 1
configure: failed program was:
| /* confdefs.h.  */
| 
| #define PACKAGE_NAME ""
| #define PACKAGE_TARNAME ""
| #define PACKAGE_VERSION ""
| #define PACKAGE_STRING ""
| #define PACKAGE_BUGREPORT ""
| #define PACKAGE "interceptty"
| #define VERSION "0.6"
| #define STDC_HEADERS 1
| #define HAVE_SYS_WAIT_H 1
| #define HAVE_SYS_TYPES_H 1
| #define HAVE_SYS_STAT_H 1
| #define HAVE_STDLIB_H 1
| #define HAVE_STRING_H 1
| #define HAVE_MEMORY_H 1
| #define HAVE_STRINGS_H 1
| #define HAVE_INTTYPES_H 1
| #define HAVE_STDINT_H 1
| #define HAVE_UNISTD_H 1
| #define HAVE_FCNTL_H 1
| #define HAVE_SYS_IOCTL_H 1
| #define HAVE_UNISTD_H 1
| #define HAVE_SYS_STROPTS_H 1
| #define HAVE_PTY_H 1
| #define HAVE_UPDWTMP 1
| /* end confdefs.h.  */
| 
| /* Override any gcc2 internal prototype to avoid an error.  */
| #ifdef __cplusplus
| extern "C"
| #endif
| /* We use char because int might match the return type of a gcc2
|    builtin and then its argument prototype would still apply.  */
| char openpty ();
| int
| main ()
| {
| openpty ();
|   ;
|   return 0;
| }
configure:4229: gcc -o conftest -g -O2   conftest.c -lutil   >&5
configure:4235: $? = 0
configure:4239: test -z 
			 || test ! -s conftest.err
configure:4242: $? = 0
configure:4245: test -s conftest
configure:4248: $? = 0
configure:4263: result: -lutil
configure:4277: checking return type of signal handlers
configure:4308: gcc -c -g -O2  conftest.c >&5
configure:4314: $? = 0
configure:4318: test -z 
			 || test ! -s conftest.err
configure:4321: $? = 0
configure:4324: test -s conftest.o
configure:4327: $? = 0
configure:4338: result: void
configure:4347: checking for gethostbyname in -lnsl
configure:4377: gcc -o conftest -g -O2   conftest.c -lnsl  -lutil  >&5
configure:4383: $? = 0
configure:4387: test -z 
			 || test ! -s conftest.err
configure:4390: $? = 0
configure:4393: test -s conftest
configure:4396: $? = 0
configure:4409: result: yes
configure:4421: checking for setsockopt in -lsocket
configure:4451: gcc -o conftest -g -O2   conftest.c -lsocket setsockopt -lnsl -lutil  >&5
gcc: error: setsockopt: No such file or directory
configure:4457: $? = 1
configure: failed program was:
| /* confdefs.h.  */
| 
| #define PACKAGE_NAME ""
| #define PACKAGE_TARNAME ""
| #define PACKAGE_VERSION ""
| #define PACKAGE_STRING ""
| #define PACKAGE_BUGREPORT ""
| #define PACKAGE "interceptty"
| #define VERSION "0.6"
| #define STDC_HEADERS 1
| #define HAVE_SYS_WAIT_H 1
| #define HAVE_SYS_TYPES_H 1
| #define HAVE_SYS_STAT_H 1
| #define HAVE_STDLIB_H 1
| #define HAVE_STRING_H 1
| #define HAVE_MEMORY_H 1
| #define HAVE_STRINGS_H 1
| #define HAVE_INTTYPES_H 1
| #define HAVE_STDINT_H 1
| #define HAVE_UNISTD_H 1
| #define HAVE_FCNTL_H 1
| #define HAVE_SYS_IOCTL_H 1
| #define HAVE_UNISTD_H 1
| #define HAVE_SYS_STROPTS_H 1
| #define HAVE_PTY_H 1
| #define HAVE_UPDWTMP 1
| #define HAVE_OPENPTY 1
| #define RETSIGTYPE void
| #define HAVE_LIBNSL 1
| /* end confdefs.h.  */
| 
| /* Override any gcc2 internal prototype to avoid an error.  */
| #ifdef __cplusplus
| extern "C"
| #endif
| /* We use char because int might match the return type of a gcc2
|    builtin and then its argument prototype would still apply.  */
| char setsockopt ();
| int
| main ()
| {
| setsockopt ();
|   ;
|   return 0;
| }
configure:4483: result: no
configure:4500: checking for _getpty
configure:4557: gcc -o conftest -g -O2   conftest.c -lnsl -lutil  >&5
/tmp/ccWVHKb5.o:(.data+0x0): undefined reference to `_getpty'
/tmp/ccWVHKb5.o: In function `main':
/home/techgaun/projects/personal/dumpster/zwave/openZSniffer/conftest.c:70: undefined reference to `_getpty'
collect2: error: ld returned 1 exit status
configure:4563: $? = 1
configure: failed program was:
| /* confdefs.h.  */
| 
| #define PACKAGE_NAME ""
| #define PACKAGE_TARNAME ""
| #define PACKAGE_VERSION ""
| #define PACKAGE_STRING ""
| #define PACKAGE_BUGREPORT ""
| #define PACKAGE "interceptty"
| #define VERSION "0.6"
| #define STDC_HEADERS 1
| #define HAVE_SYS_WAIT_H 1
| #define HAVE_SYS_TYPES_H 1
| #define HAVE_SYS_STAT_H 1
| #define HAVE_STDLIB_H 1
| #define HAVE_STRING_H 1
| #define HAVE_MEMORY_H 1
| #define HAVE_STRINGS_H 1
| #define HAVE_INTTYPES_H 1
| #define HAVE_STDINT_H 1
| #define HAVE_UNISTD_H 1
| #define HAVE_FCNTL_H 1
| #define HAVE_SYS_IOCTL_H 1
| #define HAVE_UNISTD_H 1
| #define HAVE_SYS_STROPTS_H 1
| #define HAVE_PTY_H 1
| #define HAVE_UPDWTMP 1
| #define HAVE_OPENPTY 1
| #define RETSIGTYPE void
| #define HAVE_LIBNSL 1
| /* end confdefs.h.  */
| /* Define _getpty to an innocuous variant, in case <limits.h> declares _getpty.
|    For example, HP-UX 11i <limits.h> declares gettimeofday.  */
| #define _getpty innocuous__getpty
| 
| /* System header to define __stub macros and hopefully few prototypes,
|     which can conflict with char _getpty (); below.
|     Prefer <limits.h> to <assert.h> if __STDC__ is defined, since
|     <limits.h> exists even on freestanding compilers.  */
| 
| #ifdef __STDC__
| # include <limits.h>
| #else
| # include <assert.h>
| #endif
| 
| #undef _getpty
| 
| /* Override any gcc2 internal prototype to avoid an error.  */
| #ifdef __cplusplus
| extern "C"
| {
| #endif
| /* We use char because int might match the return type of a gcc2
|    builtin and then its argument prototype would still apply.  */
| char _getpty ();
| /* The GNU C library defines this for functions which it implements
|     to always fail with ENOSYS.  Some functions are actually named
|     something starting with __ and the normal name is an alias.  */
| #if defined (__stub__getpty) || defined (__stub____getpty)
| choke me
| #else
| char (*f) () = _getpty;
| #endif
| #ifdef __cplusplus
| }
| #endif
| 
| int
| main ()
| {
| return f != _getpty;
|   ;
|   return 0;
| }
configure:4588: result: no
configure:4500: checking for select
configure:4557: gcc -o conftest -g -O2   conftest.c -lnsl -lutil  >&5
configure:4563: $? = 0
configure:4567: test -z 
			 || test ! -s conftest.err
configure:4570: $? = 0
configure:4573: test -s conftest
configure:4576: $? = 0
configure:4588: result: yes
configure:4500: checking for strerror
configure:4557: gcc -o conftest -g -O2   conftest.c -lnsl -lutil  >&5
configure:4563: $? = 0
configure:4567: test -z 
			 || test ! -s conftest.err
configure:4570: $? = 0
configure:4573: test -s conftest
configure:4576: $? = 0
configure:4588: result: yes
configure:4620: checking for "/dev/ptmx"
configure:4635: result: yes
configure:4659: checking for "/dev/ptc"
configure:4674: result: no
configure:4803: creating ./config.status

## ---------------------- ##
## Running config.status. ##
## ---------------------- ##

This file was extended by config.status, which was
generated by GNU Autoconf 2.59.  Invocation command line was

  CONFIG_FILES    = 
  CONFIG_HEADERS  = 
  CONFIG_LINKS    = 
  CONFIG_COMMANDS = 
  $ ./config.status 

on techgaun

config.status:687: creating Makefile
config.status:791: creating config.h
config.status:923: config.h is unchanged
config.status:1103: executing depfiles commands

## ---------------- ##
## Cache variables. ##
## ---------------- ##

ac_cv_c_compiler_gnu=yes
ac_cv_env_CC_set=
ac_cv_env_CC_value=
ac_cv_env_CFLAGS_set=
ac_cv_env_CFLAGS_value=
ac_cv_env_CPPFLAGS_set=
ac_cv_env_CPPFLAGS_value=
ac_cv_env_CPP_set=
ac_cv_env_CPP_value=
ac_cv_env_LDFLAGS_set=
ac_cv_env_LDFLAGS_value=
ac_cv_env_build_alias_set=
ac_cv_env_build_alias_value=
ac_cv_env_host_alias_set=
ac_cv_env_host_alias_value=
ac_cv_env_target_alias_set=
ac_cv_env_target_alias_value=
ac_cv_exeext=
ac_cv_file___dev_ptc_=no
ac_cv_file___dev_ptmx_=yes
ac_cv_func__getpty=no
ac_cv_func_logout=no
ac_cv_func_logwtmp=no
ac_cv_func_openpty=no
ac_cv_func_select=yes
ac_cv_func_strerror=yes
ac_cv_func_updwtmp=yes
ac_cv_header_fcntl_h=yes
ac_cv_header_inttypes_h=yes
ac_cv_header_libutil_h=no
ac_cv_header_memory_h=yes
ac_cv_header_pty_h=yes
ac_cv_header_stdc=yes
ac_cv_header_stdint_h=yes
ac_cv_header_stdlib_h=yes
ac_cv_header_string_h=yes
ac_cv_header_strings_h=yes
ac_cv_header_sys_ioctl_h=yes
ac_cv_header_sys_stat_h=yes
ac_cv_header_sys_stropts_h=yes
ac_cv_header_sys_types_h=yes
ac_cv_header_sys_wait_h=yes
ac_cv_header_unistd_h=yes
ac_cv_header_util_h=no
ac_cv_lib_nsl_gethostbyname=yes
ac_cv_lib_socket_setsockopt=no
ac_cv_objext=o
ac_cv_path_install='/usr/bin/install -c'
ac_cv_prog_AWK=gawk
ac_cv_prog_CPP='gcc -E'
ac_cv_prog_ac_ct_CC=gcc
ac_cv_prog_cc_g=yes
ac_cv_prog_cc_stdc=
ac_cv_prog_egrep='grep -E'
ac_cv_prog_make_make_set=yes
ac_cv_search_openpty=-lutil
ac_cv_type_signal=void
am_cv_CC_dependencies_compiler_type=gcc3

## ----------------- ##
## Output variables. ##
## ----------------- ##

ACLOCAL='${SHELL} /home/techgaun/projects/personal/dumpster/zwave/openZSniffer/missing --run aclocal-1.8'
AMDEPBACKSLASH='\'
AMDEP_FALSE='#'
AMDEP_TRUE=''
AMTAR='${SHELL} /home/techgaun/projects/personal/dumpster/zwave/openZSniffer/missing --run tar'
AUTOCONF='${SHELL} /home/techgaun/projects/personal/dumpster/zwave/openZSniffer/missing --run autoconf'
AUTOHEADER='${SHELL} /home/techgaun/projects/personal/dumpster/zwave/openZSniffer/missing --run autoheader'
AUTOMAKE='${SHELL} /home/techgaun/projects/personal/dumpster/zwave/openZSniffer/missing --run automake-1.8'
AWK='gawk'
CC='gcc'
CCDEPMODE='depmode=gcc3'
CFLAGS='-g -O2'
CPP='gcc -E'
CPPFLAGS=''
CYGPATH_W='echo'
DEFS='-DHAVE_CONFIG_H'
DEPDIR='.deps'
ECHO_C=''
ECHO_N='-n'
ECHO_T=''
EGREP='grep -E'
EXEEXT=''
INSTALL_DATA='${INSTALL} -m 644'
INSTALL_PROGRAM='${INSTALL}'
INSTALL_SCRIPT='${INSTALL}'
INSTALL_STRIP_PROGRAM='${SHELL} $(install_sh) -c -s'
LDFLAGS=''
LIBOBJS=''
LIBS='-lnsl -lutil '
LTLIBOBJS=''
MAKEINFO='${SHELL} /home/techgaun/projects/personal/dumpster/zwave/openZSniffer/missing --run makeinfo'
OBJEXT='o'
PACKAGE='interceptty'
PACKAGE_BUGREPORT=''
PACKAGE_NAME=''
PACKAGE_STRING=''
PACKAGE_TARNAME=''
PACKAGE_VERSION=''
PATH_SEPARATOR=':'
SET_MAKE=''
SHELL='/bin/bash'
STRIP=''
VERSION='0.6'
ac_ct_CC='gcc'
ac_ct_STRIP=''
am__fastdepCC_FALSE='#'
am__fastdepCC_TRUE=''
am__include='include'
am__leading_dot='.'
am__quote=''
bindir='${exec_prefix}/bin'
build_alias=''
datadir='${prefix}/share'
exec_prefix='${prefix}'
host_alias=''
includedir='${prefix}/include'
infodir='${prefix}/info'
install_sh='/home/techgaun/projects/personal/dumpster/zwave/openZSniffer/install-sh'
libdir='${exec_prefix}/lib'
libexecdir='${exec_prefix}/libexec'
localstatedir='${prefix}/var'
mandir='${prefix}/man'
mkdir_p='mkdir -p -- .'
oldincludedir='/usr/include'
prefix='/usr/local'
program_transform_name='s,x,x,'
sbindir='${exec_prefix}/sbin'
sharedstatedir='${prefix}/com'
sysconfdir='${prefix}/etc'
target_alias=''

## ----------- ##
## confdefs.h. ##
## ----------- ##

#define HAVE_DEV_PTMX 1
#define HAVE_FCNTL_H 1
#define HAVE_INTTYPES_H 1
#define HAVE_LIBNSL 1
#define HAVE_MEMORY_H 1
#define HAVE_OPENPTY 1
#define HAVE_PTY_H 1
#define HAVE_SELECT 1
#define HAVE_STDINT_H 1
#define HAVE_STDLIB_H 1
#define HAVE_STRERROR 1
#define HAVE_STRINGS_H 1
#define HAVE_STRING_H 1
#define HAVE_SYS_IOCTL_H 1
#define HAVE_SYS_STAT_H 1
#define HAVE_SYS_STROPTS_H 1
#define HAVE_SYS_TYPES_H 1
#define HAVE_SYS_WAIT_H 1
#define HAVE_UNISTD_H 1
#define HAVE_UNISTD_H 1
#define HAVE_UPDWTMP 1
#define PACKAGE "interceptty"
#define PACKAGE_BUGREPORT ""
#define PACKAGE_NAME ""
#define PACKAGE_STRING ""
#define PACKAGE_TARNAME ""
#define PACKAGE_VERSION ""
#define RETSIGTYPE void
#define STDC_HEADERS 1
#define VERSION "0.6"

configure: exit 0
